{
  "0 debug pnpm:scope": {
    "selected": 1
  },
  "1 error pnpm": {
    "code": "ELIFECYCLE",
    "errno": "ENOENT",
    "syscall": "spawn",
    "file": "sh",
    "pkgid": "yams-react@0.0.0",
    "stage": "serve",
    "script": "vite preview",
    "pkgname": "yams-react",
    "err": {
      "name": "pnpm",
      "message": "yams-react@0.0.0 serve: `vite preview`\nspawn ENOENT",
      "code": "ELIFECYCLE",
      "stack": "pnpm: yams-react@0.0.0 serve: `vite preview`\nspawn ENOENT\n    at ChildProcess.<anonymous> (/Users/Alexandre/.nvm/versions/node/v14.17.6/pnpm-global/5/node_modules/.pnpm/pnpm@6.24.1/node_modules/pnpm/dist/pnpm.cjs:91776:22)\n    at ChildProcess.emit (events.js:400:28)\n    at maybeClose (internal/child_process.js:1055:16)\n    at Process.ChildProcess._handle.onexit (internal/child_process.js:288:5)"
    }
  },
  "2 warn pnpm:global": " Local package.json exists, but node_modules missing, did you mean to install?"
}